<?xml version="1.0" encoding="UTF-8"?>
<!-- Generated by org.testng.reporters.JUnitXMLReporter -->
<testsuite ignored="4" hostname="LAP-SAGARS" failures="0" tests="1" name="Default test" time="4.957" errors="0" timestamp="2023-01-05T19:29:30 IST">
  <testcase classname="post_put_delete_session03.Validate_PPD_api" name="Validate_Delete_Request" time="4.896"/>
  <testcase classname="post_put_delete_session03.Validate_PPD_api" name="Put_Using_Json_Object" time="0.0">
    <ignored/>
  </testcase> <!-- Put_Using_Json_Object -->
  <testcase classname="post_put_delete_session03.Validate_PPD_api" name="Put_Using_File" time="0.0">
    <ignored/>
  </testcase> <!-- Put_Using_File -->
  <testcase classname="post_put_delete_session03.Validate_PPD_api" name="Post_Using_Json_Object" time="0.0">
    <ignored/>
  </testcase> <!-- Post_Using_Json_Object -->
  <testcase classname="post_put_delete_session03.Validate_PPD_api" name="Validate_POST_Request_Using_File" time="0.0">
    <ignored/>
  </testcase> <!-- Validate_POST_Request_Using_File -->
</testsuite> <!-- Default test -->
