<?xml version="1.0" encoding="UTF-8"?>
<!-- Generated by org.testng.reporters.JUnitXMLReporter -->
<testsuite ignored="1" hostname="LAP-SAGARS" failures="0" tests="1" name="Default test" time="2.741" errors="0" timestamp="2023-01-03T19:00:26 IST">
  <testcase classname="post_put_delete_session03.Validate_PPD_api" name="Post_Using_Json_Object" time="2.706"/>
  <testcase classname="post_put_delete_session03.Validate_PPD_api" name="Validate_POST_Request_Using_File" time="0.0">
    <ignored/>
  </testcase> <!-- Validate_POST_Request_Using_File -->
</testsuite> <!-- Default test -->
