<?xml version="1.0" encoding="UTF-8"?>
<testng-results ignored="4" total="5" passed="1" failed="0" skipped="0">
  <reporter-output>
  </reporter-output>
  <suite started-at="2023-01-05T19:29:25 IST" name="Default suite" finished-at="2023-01-05T19:29:30 IST" duration-ms="4957">
    <groups>
    </groups>
    <test started-at="2023-01-05T19:29:25 IST" name="Default test" finished-at="2023-01-05T19:29:30 IST" duration-ms="4957">
      <class name="post_put_delete_session03.Validate_PPD_api">
        <test-method signature="Validate_Delete_Request()[pri:0, instance:post_put_delete_session03.Validate_PPD_api@25084a1e]" started-at="2023-01-05T19:29:25 IST" name="Validate_Delete_Request" finished-at="2023-01-05T19:29:30 IST" duration-ms="4896" status="PASS">
          <reporter-output>
          </reporter-output>
        </test-method> <!-- Validate_Delete_Request -->
      </class> <!-- post_put_delete_session03.Validate_PPD_api -->
    </test> <!-- Default test -->
  </suite> <!-- Default suite -->
</testng-results>
