<?xml version="1.0" encoding="UTF-8"?>
<testng-results ignored="2" total="3" passed="1" failed="0" skipped="0">
  <reporter-output>
  </reporter-output>
  <suite started-at="2023-01-05T11:53:32 IST" name="Default suite" finished-at="2023-01-05T11:53:35 IST" duration-ms="2928">
    <groups>
    </groups>
    <test started-at="2023-01-05T11:53:32 IST" name="Default test" finished-at="2023-01-05T11:53:35 IST" duration-ms="2928">
      <class name="post_put_delete_session03.Validate_PPD_api">
        <test-method signature="Put_Using_Json_Object()[pri:0, instance:post_put_delete_session03.Validate_PPD_api@4efc180e]" started-at="2023-01-05T11:53:33 IST" name="Put_Using_Json_Object" finished-at="2023-01-05T11:53:35 IST" duration-ms="2894" status="PASS">
          <reporter-output>
          </reporter-output>
        </test-method> <!-- Put_Using_Json_Object -->
      </class> <!-- post_put_delete_session03.Validate_PPD_api -->
    </test> <!-- Default test -->
  </suite> <!-- Default suite -->
</testng-results>
